<?xml version="1.0" encoding="UTF-8"?>
<!-- Generated by org.testng.reporters.JUnitXMLReporter -->
<testsuite hostname="OESLCHN-BD89" ignored="1" name="Default test" tests="5" failures="0" timestamp="19 Jul 2018 12:12:08 GMT" time="62.434" errors="0">
  <testcase name="login" time="23.78" classname="com.TestCase.App.ZohoTest"/>
  <testcase name="clicksettings" time="6.485" classname="com.TestCase.App.ZohoTest"/>
  <testcase name="addoperator" time="3.658" classname="com.TestCase.App.ZohoTest"/>
  <testcase name="addtriger" time="4.664" classname="com.TestCase.App.ZohoTest"/>
  <testcase name="addtriger" time="14.185" classname="com.TestCase.App.ZohoTest"/>
  <testcase name="deloperator" time="0.0" classname="com.TestCase.App.ZohoTest">
    <ignored/>
  </testcase> <!-- deloperator -->
</testsuite> <!-- Default test -->
