<?xml version="1.0" encoding="UTF-8"?>
<testng-results skipped="0" failed="0" ignored="1" total="6" passed="5">
  <reporter-output>
  </reporter-output>
  <suite name="Default suite" duration-ms="62434" started-at="2018-07-19T12:11:06Z" finished-at="2018-07-19T12:12:08Z">
    <groups>
    </groups>
    <test name="Default test" duration-ms="62434" started-at="2018-07-19T12:11:06Z" finished-at="2018-07-19T12:12:08Z">
      <class name="com.TestCase.App.ZohoTest">
        <test-method status="PASS" signature="StartReport()[pri:0, instance:com.TestCase.App.ZohoTest@6b57696f]" name="StartReport" is-config="true" duration-ms="100" started-at="2018-07-19T12:11:06Z" finished-at="2018-07-19T12:11:06Z">
          <reporter-output>
          </reporter-output>
        </test-method> <!-- StartReport -->
        <test-method status="PASS" signature="zohocall()[pri:0, instance:com.TestCase.App.ZohoTest@6b57696f]" name="zohocall" is-config="true" duration-ms="9643" started-at="2018-07-19T12:11:06Z" finished-at="2018-07-19T12:11:16Z">
          <reporter-output>
          </reporter-output>
        </test-method> <!-- zohocall -->
        <test-method status="PASS" signature="login()[pri:1, instance:com.TestCase.App.ZohoTest@6b57696f]" name="login" duration-ms="23780" started-at="2018-07-19T12:11:16Z" finished-at="2018-07-19T12:11:39Z">
          <reporter-output>
          </reporter-output>
        </test-method> <!-- login -->
        <test-method status="PASS" signature="clicksettings()[pri:2, instance:com.TestCase.App.ZohoTest@6b57696f]" name="clicksettings" duration-ms="6485" started-at="2018-07-19T12:11:39Z" finished-at="2018-07-19T12:11:46Z">
          <reporter-output>
          </reporter-output>
        </test-method> <!-- clicksettings -->
        <test-method status="PASS" signature="addoperator()[pri:3, instance:com.TestCase.App.ZohoTest@6b57696f]" name="addoperator" duration-ms="3658" started-at="2018-07-19T12:11:46Z" finished-at="2018-07-19T12:11:50Z">
          <reporter-output>
          </reporter-output>
        </test-method> <!-- addoperator -->
        <test-method status="PASS" signature="addtriger(java.lang.String)[pri:4, instance:com.TestCase.App.ZohoTest@6b57696f]" name="addtriger" duration-ms="4664" started-at="2018-07-19T12:11:50Z" data-provider="SearchProvider" finished-at="2018-07-19T12:11:54Z">
          <params>
            <param index="0">
              <value>
                <![CDATA[TestRule1]]>
              </value>
            </param>
          </params>
          <reporter-output>
          </reporter-output>
        </test-method> <!-- addtriger -->
        <test-method status="PASS" signature="addtriger(java.lang.String)[pri:4, instance:com.TestCase.App.ZohoTest@6b57696f]" name="addtriger" duration-ms="14185" started-at="2018-07-19T12:11:54Z" data-provider="SearchProvider" finished-at="2018-07-19T12:12:08Z">
          <params>
            <param index="0">
              <value>
                <![CDATA[TestRule2]]>
              </value>
            </param>
          </params>
          <reporter-output>
          </reporter-output>
        </test-method> <!-- addtriger -->
        <test-method status="PASS" signature="reportflush()[pri:0, instance:com.TestCase.App.ZohoTest@6b57696f]" name="reportflush" is-config="true" duration-ms="274" started-at="2018-07-19T12:12:08Z" finished-at="2018-07-19T12:12:09Z">
          <reporter-output>
          </reporter-output>
        </test-method> <!-- reportflush -->
      </class> <!-- com.TestCase.App.ZohoTest -->
    </test> <!-- Default test -->
  </suite> <!-- Default suite -->
</testng-results>
